{"/Users/admincortlex/EDU/React/pavel-sobchenko-REACT2023Q1/src/components/Card/Card.tsx": {"path":"/Users/admincortlex/EDU/React/pavel-sobchenko-REACT2023Q1/src/components/Card/Card.tsx","statementMap":{"0":{"start":{"line":6,"column":20},"end":{"line":6,"column":null}},"1":{"start":{"line":7,"column":2},"end":{"line":33,"column":null}},"2":{"start":{"line":21,"column":16},"end":{"line":27,"column":null}}},"fnMap":{"0":{"name":"Card","decl":{"start":{"line":5,"column":9},"end":{"line":5,"column":14}},"loc":{"start":{"line":5,"column":47},"end":{"line":35,"column":null}}},"1":{"name":"(anonymous_1)","decl":{"start":{"line":20,"column":36},"end":{"line":20,"column":37}},"loc":{"start":{"line":21,"column":16},"end":{"line":27,"column":null}}}},"branchMap":{"0":{"loc":{"start":{"line":14,"column":25},"end":{"line":14,"column":null}},"type":"cond-expr","locations":[{"start":{"line":14,"column":43},"end":{"line":14,"column":51}},{"start":{"line":14,"column":51},"end":{"line":14,"column":null}}]},"1":{"loc":{"start":{"line":19,"column":13},"end":{"line":28,"column":null}},"type":"binary-expr","locations":[{"start":{"line":19,"column":13},"end":{"line":19,"column":null}},{"start":{"line":20,"column":14},"end":{"line":28,"column":null}}]}},"s":{"0":7,"1":6,"2":10},"f":{"0":7,"1":10},"b":{"0":[5,1],"1":[6,5]}}
,"/Users/admincortlex/EDU/React/pavel-sobchenko-REACT2023Q1/src/components/CardList/CardList.tsx": {"path":"/Users/admincortlex/EDU/React/pavel-sobchenko-REACT2023Q1/src/components/CardList/CardList.tsx","statementMap":{"0":{"start":{"line":12,"column":19},"end":{"line":12,"column":null}},"1":{"start":{"line":13,"column":21},"end":{"line":13,"column":null}},"2":{"start":{"line":15,"column":26},"end":{"line":18,"column":null}},"3":{"start":{"line":16,"column":4},"end":{"line":16,"column":null}},"4":{"start":{"line":17,"column":4},"end":{"line":17,"column":null}},"5":{"start":{"line":20,"column":21},"end":{"line":28,"column":null}},"6":{"start":{"line":21,"column":4},"end":{"line":26,"column":null}},"7":{"start":{"line":30,"column":2},"end":{"line":33,"column":null}}},"fnMap":{"0":{"name":"CardList","decl":{"start":{"line":11,"column":9},"end":{"line":11,"column":18}},"loc":{"start":{"line":11,"column":38},"end":{"line":35,"column":null}}},"1":{"name":"(anonymous_1)","decl":{"start":{"line":15,"column":26},"end":{"line":15,"column":27}},"loc":{"start":{"line":15,"column":42},"end":{"line":18,"column":null}}},"2":{"name":"(anonymous_2)","decl":{"start":{"line":20,"column":33},"end":{"line":20,"column":34}},"loc":{"start":{"line":20,"column":44},"end":{"line":28,"column":3}}}},"branchMap":{},"s":{"0":1,"1":1,"2":1,"3":0,"4":0,"5":1,"6":1,"7":1},"f":{"0":1,"1":0,"2":1},"b":{}}
,"/Users/admincortlex/EDU/React/pavel-sobchenko-REACT2023Q1/src/components/DetailedCard/DetailedCard.tsx": {"path":"/Users/admincortlex/EDU/React/pavel-sobchenko-REACT2023Q1/src/components/DetailedCard/DetailedCard.tsx","statementMap":{"0":{"start":{"line":6,"column":20},"end":{"line":6,"column":null}},"1":{"start":{"line":7,"column":14},"end":{"line":7,"column":null}},"2":{"start":{"line":8,"column":22},"end":{"line":18,"column":null}},"3":{"start":{"line":10,"column":6},"end":{"line":15,"column":null}},"4":{"start":{"line":11,"column":8},"end":{"line":14,"column":null}},"5":{"start":{"line":16,"column":6},"end":{"line":16,"column":null}},"6":{"start":{"line":20,"column":19},"end":{"line":30,"column":null}},"7":{"start":{"line":22,"column":6},"end":{"line":27,"column":null}},"8":{"start":{"line":23,"column":8},"end":{"line":26,"column":null}},"9":{"start":{"line":28,"column":6},"end":{"line":28,"column":null}},"10":{"start":{"line":32,"column":2},"end":{"line":79,"column":null}},"11":{"start":{"line":54,"column":18},"end":{"line":58,"column":null}},"12":{"start":{"line":66,"column":18},"end":{"line":70,"column":null}}},"fnMap":{"0":{"name":"DetailedCard","decl":{"start":{"line":5,"column":9},"end":{"line":5,"column":22}},"loc":{"start":{"line":5,"column":58},"end":{"line":81,"column":null}}},"1":{"name":"(anonymous_1)","decl":{"start":{"line":9,"column":9},"end":{"line":9,"column":10}},"loc":{"start":{"line":9,"column":45},"end":{"line":17,"column":5}}},"2":{"name":"(anonymous_2)","decl":{"start":{"line":21,"column":9},"end":{"line":21,"column":10}},"loc":{"start":{"line":21,"column":45},"end":{"line":29,"column":5}}},"3":{"name":"(anonymous_3)","decl":{"start":{"line":53,"column":32},"end":{"line":53,"column":33}},"loc":{"start":{"line":54,"column":18},"end":{"line":58,"column":null}}},"4":{"name":"(anonymous_4)","decl":{"start":{"line":65,"column":29},"end":{"line":65,"column":30}},"loc":{"start":{"line":66,"column":18},"end":{"line":70,"column":null}}}},"branchMap":{"0":{"loc":{"start":{"line":10,"column":6},"end":{"line":15,"column":null}},"type":"if","locations":[{"start":{"line":10,"column":6},"end":{"line":15,"column":null}},{"start":{"line":10,"column":6},"end":{"line":15,"column":null}}]},"1":{"loc":{"start":{"line":10,"column":10},"end":{"line":10,"column":52}},"type":"binary-expr","locations":[{"start":{"line":10,"column":10},"end":{"line":10,"column":45}},{"start":{"line":10,"column":45},"end":{"line":10,"column":52}}]},"2":{"loc":{"start":{"line":22,"column":6},"end":{"line":27,"column":null}},"type":"if","locations":[{"start":{"line":22,"column":6},"end":{"line":27,"column":null}},{"start":{"line":22,"column":6},"end":{"line":27,"column":null}}]},"3":{"loc":{"start":{"line":22,"column":10},"end":{"line":22,"column":49}},"type":"binary-expr","locations":[{"start":{"line":22,"column":10},"end":{"line":22,"column":42}},{"start":{"line":22,"column":42},"end":{"line":22,"column":49}}]},"4":{"loc":{"start":{"line":42,"column":25},"end":{"line":42,"column":null}},"type":"cond-expr","locations":[{"start":{"line":42,"column":62},"end":{"line":42,"column":70}},{"start":{"line":42,"column":70},"end":{"line":42,"column":null}}]},"5":{"loc":{"start":{"line":52,"column":15},"end":{"line":59,"column":null}},"type":"binary-expr","locations":[{"start":{"line":52,"column":15},"end":{"line":52,"column":null}},{"start":{"line":53,"column":16},"end":{"line":59,"column":null}}]},"6":{"loc":{"start":{"line":64,"column":15},"end":{"line":71,"column":null}},"type":"binary-expr","locations":[{"start":{"line":64,"column":15},"end":{"line":64,"column":null}},{"start":{"line":65,"column":16},"end":{"line":71,"column":null}}]}},"s":{"0":4,"1":4,"2":4,"3":92,"4":8,"5":84,"6":4,"7":92,"8":8,"9":84,"10":4,"11":8,"12":8},"f":{"0":4,"1":92,"2":92,"3":8,"4":8},"b":{"0":[8,84],"1":[92,8],"2":[8,84],"3":[92,8],"4":[3,1],"5":[4,4],"6":[4,4]}}
,"/Users/admincortlex/EDU/React/pavel-sobchenko-REACT2023Q1/src/components/FormCardList/FormCardList.tsx": {"path":"/Users/admincortlex/EDU/React/pavel-sobchenko-REACT2023Q1/src/components/FormCardList/FormCardList.tsx","statementMap":{"0":{"start":{"line":10,"column":21},"end":{"line":10,"column":null}},"1":{"start":{"line":11,"column":21},"end":{"line":13,"column":null}},"2":{"start":{"line":12,"column":4},"end":{"line":12,"column":null}},"3":{"start":{"line":14,"column":2},"end":{"line":17,"column":null}}},"fnMap":{"0":{"name":"FormCardList","decl":{"start":{"line":9,"column":9},"end":{"line":9,"column":22}},"loc":{"start":{"line":9,"column":42},"end":{"line":19,"column":null}}},"1":{"name":"(anonymous_1)","decl":{"start":{"line":11,"column":32},"end":{"line":11,"column":33}},"loc":{"start":{"line":12,"column":4},"end":{"line":12,"column":null}}}},"branchMap":{},"s":{"0":2,"1":1,"2":1,"3":1},"f":{"0":2,"1":1},"b":{}}
,"/Users/admincortlex/EDU/React/pavel-sobchenko-REACT2023Q1/src/components/Modal/Modal.tsx": {"path":"/Users/admincortlex/EDU/React/pavel-sobchenko-REACT2023Q1/src/components/Modal/Modal.tsx","statementMap":{"0":{"start":{"line":10,"column":19},"end":{"line":10,"column":null}},"1":{"start":{"line":11,"column":23},"end":{"line":11,"column":null}},"2":{"start":{"line":12,"column":2},"end":{"line":43,"column":null}},"3":{"start":{"line":21,"column":31},"end":{"line":21,"column":null}},"4":{"start":{"line":34,"column":31},"end":{"line":34,"column":null}}},"fnMap":{"0":{"name":"Modal","decl":{"start":{"line":9,"column":24},"end":{"line":9,"column":30}},"loc":{"start":{"line":9,"column":49},"end":{"line":45,"column":null}}},"1":{"name":"(anonymous_1)","decl":{"start":{"line":21,"column":25},"end":{"line":21,"column":31}},"loc":{"start":{"line":21,"column":31},"end":{"line":21,"column":null}}},"2":{"name":"(anonymous_2)","decl":{"start":{"line":34,"column":25},"end":{"line":34,"column":31}},"loc":{"start":{"line":34,"column":31},"end":{"line":34,"column":null}}}},"branchMap":{},"s":{"0":1,"1":1,"2":1,"3":0,"4":0},"f":{"0":1,"1":0,"2":0},"b":{}}
,"/Users/admincortlex/EDU/React/pavel-sobchenko-REACT2023Q1/src/components/Notification/Notification.tsx": {"path":"/Users/admincortlex/EDU/React/pavel-sobchenko-REACT2023Q1/src/components/Notification/Notification.tsx","statementMap":{"0":{"start":{"line":4,"column":19},"end":{"line":4,"column":null}},"1":{"start":{"line":5,"column":2},"end":{"line":15,"column":null}}},"fnMap":{"0":{"name":"Notification","decl":{"start":{"line":3,"column":9},"end":{"line":3,"column":22}},"loc":{"start":{"line":3,"column":47},"end":{"line":17,"column":null}}}},"branchMap":{},"s":{"0":2,"1":2},"f":{"0":2},"b":{}}
,"/Users/admincortlex/EDU/React/pavel-sobchenko-REACT2023Q1/src/components/SearchBar/SearchBar.tsx": {"path":"/Users/admincortlex/EDU/React/pavel-sobchenko-REACT2023Q1/src/components/SearchBar/SearchBar.tsx","statementMap":{"0":{"start":{"line":7,"column":16},"end":{"line":7,"column":null}},"1":{"start":{"line":7,"column":42},"end":{"line":7,"column":64}},"2":{"start":{"line":8,"column":19},"end":{"line":8,"column":null}},"3":{"start":{"line":9,"column":27},"end":{"line":9,"column":null}},"4":{"start":{"line":11,"column":2},"end":{"line":16,"column":null}},"5":{"start":{"line":12,"column":23},"end":{"line":12,"column":null}},"6":{"start":{"line":13,"column":4},"end":{"line":15,"column":null}},"7":{"start":{"line":14,"column":6},"end":{"line":14,"column":null}},"8":{"start":{"line":18,"column":23},"end":{"line":22,"column":null}},"9":{"start":{"line":19,"column":16},"end":{"line":19,"column":null}},"10":{"start":{"line":20,"column":4},"end":{"line":20,"column":null}},"11":{"start":{"line":21,"column":4},"end":{"line":21,"column":null}},"12":{"start":{"line":24,"column":20},"end":{"line":28,"column":null}},"13":{"start":{"line":25,"column":4},"end":{"line":27,"column":null}},"14":{"start":{"line":26,"column":6},"end":{"line":26,"column":null}},"15":{"start":{"line":30,"column":2},"end":{"line":67,"column":null}}},"fnMap":{"0":{"name":"SearchBar","decl":{"start":{"line":6,"column":9},"end":{"line":6,"column":19}},"loc":{"start":{"line":6,"column":56},"end":{"line":69,"column":null}}},"1":{"name":"(anonymous_1)","decl":{"start":{"line":7,"column":31},"end":{"line":7,"column":32}},"loc":{"start":{"line":7,"column":42},"end":{"line":7,"column":64}}},"2":{"name":"(anonymous_2)","decl":{"start":{"line":11,"column":12},"end":{"line":11,"column":18}},"loc":{"start":{"line":11,"column":18},"end":{"line":16,"column":5}}},"3":{"name":"(anonymous_3)","decl":{"start":{"line":18,"column":23},"end":{"line":18,"column":24}},"loc":{"start":{"line":18,"column":61},"end":{"line":22,"column":null}}},"4":{"name":"(anonymous_4)","decl":{"start":{"line":24,"column":20},"end":{"line":24,"column":21}},"loc":{"start":{"line":24,"column":61},"end":{"line":28,"column":null}}}},"branchMap":{"0":{"loc":{"start":{"line":12,"column":23},"end":{"line":12,"column":null}},"type":"binary-expr","locations":[{"start":{"line":12,"column":23},"end":{"line":12,"column":68}},{"start":{"line":12,"column":68},"end":{"line":12,"column":null}}]},"1":{"loc":{"start":{"line":13,"column":4},"end":{"line":15,"column":null}},"type":"if","locations":[{"start":{"line":13,"column":4},"end":{"line":15,"column":null}},{"start":{"line":13,"column":4},"end":{"line":15,"column":null}}]},"2":{"loc":{"start":{"line":25,"column":4},"end":{"line":27,"column":null}},"type":"if","locations":[{"start":{"line":25,"column":4},"end":{"line":27,"column":null}},{"start":{"line":25,"column":4},"end":{"line":27,"column":null}}]}},"s":{"0":2,"1":2,"2":2,"3":2,"4":2,"5":2,"6":2,"7":0,"8":2,"9":0,"10":0,"11":0,"12":2,"13":0,"14":0,"15":2},"f":{"0":2,"1":2,"2":2,"3":0,"4":0},"b":{"0":[2,2],"1":[0,2],"2":[0,0]}}
,"/Users/admincortlex/EDU/React/pavel-sobchenko-REACT2023Q1/src/components/ViewCard/ViewCard.tsx": {"path":"/Users/admincortlex/EDU/React/pavel-sobchenko-REACT2023Q1/src/components/ViewCard/ViewCard.tsx","statementMap":{"0":{"start":{"line":12,"column":33},"end":{"line":12,"column":null}},"1":{"start":{"line":13,"column":14},"end":{"line":13,"column":null}},"2":{"start":{"line":14,"column":22},"end":{"line":24,"column":null}},"3":{"start":{"line":16,"column":6},"end":{"line":21,"column":null}},"4":{"start":{"line":17,"column":8},"end":{"line":20,"column":null}},"5":{"start":{"line":22,"column":6},"end":{"line":22,"column":null}},"6":{"start":{"line":26,"column":22},"end":{"line":28,"column":null}},"7":{"start":{"line":27,"column":4},"end":{"line":27,"column":null}},"8":{"start":{"line":30,"column":2},"end":{"line":53,"column":null}},"9":{"start":{"line":44,"column":16},"end":{"line":48,"column":null}}},"fnMap":{"0":{"name":"ViewCard","decl":{"start":{"line":11,"column":9},"end":{"line":11,"column":18}},"loc":{"start":{"line":11,"column":40},"end":{"line":55,"column":null}}},"1":{"name":"(anonymous_1)","decl":{"start":{"line":15,"column":9},"end":{"line":15,"column":10}},"loc":{"start":{"line":15,"column":45},"end":{"line":23,"column":5}}},"2":{"name":"(anonymous_2)","decl":{"start":{"line":26,"column":22},"end":{"line":26,"column":28}},"loc":{"start":{"line":26,"column":28},"end":{"line":28,"column":null}}},"3":{"name":"(anonymous_3)","decl":{"start":{"line":43,"column":30},"end":{"line":43,"column":31}},"loc":{"start":{"line":44,"column":16},"end":{"line":48,"column":null}}}},"branchMap":{"0":{"loc":{"start":{"line":16,"column":6},"end":{"line":21,"column":null}},"type":"if","locations":[{"start":{"line":16,"column":6},"end":{"line":21,"column":null}},{"start":{"line":16,"column":6},"end":{"line":21,"column":null}}]},"1":{"loc":{"start":{"line":16,"column":10},"end":{"line":16,"column":52}},"type":"binary-expr","locations":[{"start":{"line":16,"column":10},"end":{"line":16,"column":45}},{"start":{"line":16,"column":45},"end":{"line":16,"column":52}}]},"2":{"loc":{"start":{"line":37,"column":25},"end":{"line":37,"column":null}},"type":"cond-expr","locations":[{"start":{"line":37,"column":62},"end":{"line":37,"column":70}},{"start":{"line":37,"column":70},"end":{"line":37,"column":null}}]},"3":{"loc":{"start":{"line":42,"column":13},"end":{"line":49,"column":null}},"type":"binary-expr","locations":[{"start":{"line":42,"column":13},"end":{"line":42,"column":null}},{"start":{"line":43,"column":14},"end":{"line":49,"column":null}}]}},"s":{"0":6,"1":6,"2":6,"3":138,"4":12,"5":126,"6":6,"7":0,"8":6,"9":12},"f":{"0":6,"1":138,"2":0,"3":12},"b":{"0":[12,126],"1":[138,12],"2":[5,1],"3":[6,6]}}
,"/Users/admincortlex/EDU/React/pavel-sobchenko-REACT2023Q1/src/models/constants.ts": {"path":"/Users/admincortlex/EDU/React/pavel-sobchenko-REACT2023Q1/src/models/constants.ts","statementMap":{"0":{"start":{"line":1,"column":24},"end":{"line":1,"column":null}},"1":{"start":{"line":2,"column":29},"end":{"line":2,"column":null}},"2":{"start":{"line":4,"column":30},"end":{"line":15,"column":null}},"3":{"start":{"line":17,"column":27},"end":{"line":33,"column":null}}},"fnMap":{},"branchMap":{},"s":{"0":4,"1":4,"2":4,"3":4},"f":{},"b":{}}
,"/Users/admincortlex/EDU/React/pavel-sobchenko-REACT2023Q1/src/models/test-data.ts": {"path":"/Users/admincortlex/EDU/React/pavel-sobchenko-REACT2023Q1/src/models/test-data.ts","statementMap":{"0":{"start":{"line":1,"column":25},"end":{"line":28,"column":null}},"1":{"start":{"line":30,"column":26},"end":{"line":30,"column":null}}},"fnMap":{},"branchMap":{},"s":{"0":3,"1":3},"f":{},"b":{}}
,"/Users/admincortlex/EDU/React/pavel-sobchenko-REACT2023Q1/src/store/hooks.ts": {"path":"/Users/admincortlex/EDU/React/pavel-sobchenko-REACT2023Q1/src/store/hooks.ts","statementMap":{"0":{"start":{"line":5,"column":49},"end":{"line":5,"column":null}},"1":{"start":{"line":6,"column":63},"end":{"line":6,"column":null}}},"fnMap":{},"branchMap":{},"s":{"0":3,"1":3},"f":{},"b":{}}
,"/Users/admincortlex/EDU/React/pavel-sobchenko-REACT2023Q1/src/store/index.ts": {"path":"/Users/admincortlex/EDU/React/pavel-sobchenko-REACT2023Q1/src/store/index.ts","statementMap":{"0":{"start":{"line":23,"column":14},"end":{"line":28,"column":null}}},"fnMap":{},"branchMap":{},"s":{"0":3},"f":{},"b":{}}
,"/Users/admincortlex/EDU/React/pavel-sobchenko-REACT2023Q1/src/store/slices/form.slices.ts": {"path":"/Users/admincortlex/EDU/React/pavel-sobchenko-REACT2023Q1/src/store/slices/form.slices.ts","statementMap":{"0":{"start":{"line":16,"column":35},"end":{"line":25,"column":null}},"1":{"start":{"line":27,"column":18},"end":{"line":71,"column":null}},"2":{"start":{"line":32,"column":6},"end":{"line":32,"column":null}},"3":{"start":{"line":35,"column":6},"end":{"line":35,"column":null}},"4":{"start":{"line":38,"column":6},"end":{"line":38,"column":null}},"5":{"start":{"line":41,"column":6},"end":{"line":41,"column":null}},"6":{"start":{"line":44,"column":6},"end":{"line":44,"column":null}},"7":{"start":{"line":47,"column":6},"end":{"line":52,"column":null}},"8":{"start":{"line":48,"column":8},"end":{"line":48,"column":null}},"9":{"start":{"line":50,"column":22},"end":{"line":50,"column":null}},"10":{"start":{"line":51,"column":8},"end":{"line":51,"column":null}},"11":{"start":{"line":55,"column":6},"end":{"line":55,"column":null}},"12":{"start":{"line":58,"column":6},"end":{"line":58,"column":null}},"13":{"start":{"line":61,"column":6},"end":{"line":61,"column":null}},"14":{"start":{"line":62,"column":6},"end":{"line":62,"column":null}},"15":{"start":{"line":63,"column":6},"end":{"line":63,"column":null}},"16":{"start":{"line":64,"column":6},"end":{"line":64,"column":null}},"17":{"start":{"line":65,"column":6},"end":{"line":65,"column":null}},"18":{"start":{"line":66,"column":6},"end":{"line":66,"column":null}},"19":{"start":{"line":67,"column":6},"end":{"line":67,"column":null}},"20":{"start":{"line":68,"column":6},"end":{"line":68,"column":null}},"21":{"start":{"line":83,"column":4},"end":{"line":83,"column":null}},"22":{"start":{"line":84,"column":27},"end":{"line":84,"column":null}}},"fnMap":{"0":{"name":"(anonymous_0)","decl":{"start":{"line":31,"column":4},"end":{"line":31,"column":12}},"loc":{"start":{"line":31,"column":27},"end":{"line":33,"column":null}}},"1":{"name":"(anonymous_1)","decl":{"start":{"line":34,"column":4},"end":{"line":34,"column":20}},"loc":{"start":{"line":34,"column":35},"end":{"line":36,"column":null}}},"2":{"name":"(anonymous_2)","decl":{"start":{"line":37,"column":4},"end":{"line":37,"column":13}},"loc":{"start":{"line":37,"column":28},"end":{"line":39,"column":null}}},"3":{"name":"(anonymous_3)","decl":{"start":{"line":40,"column":4},"end":{"line":40,"column":12}},"loc":{"start":{"line":40,"column":27},"end":{"line":42,"column":null}}},"4":{"name":"(anonymous_4)","decl":{"start":{"line":43,"column":4},"end":{"line":43,"column":12}},"loc":{"start":{"line":43,"column":27},"end":{"line":45,"column":null}}},"5":{"name":"(anonymous_5)","decl":{"start":{"line":46,"column":4},"end":{"line":46,"column":16}},"loc":{"start":{"line":46,"column":31},"end":{"line":53,"column":null}}},"6":{"name":"(anonymous_6)","decl":{"start":{"line":54,"column":4},"end":{"line":54,"column":13}},"loc":{"start":{"line":54,"column":28},"end":{"line":56,"column":null}}},"7":{"name":"(anonymous_7)","decl":{"start":{"line":57,"column":4},"end":{"line":57,"column":19}},"loc":{"start":{"line":57,"column":34},"end":{"line":59,"column":null}}},"8":{"name":"(anonymous_8)","decl":{"start":{"line":60,"column":4},"end":{"line":60,"column":15}},"loc":{"start":{"line":60,"column":22},"end":{"line":69,"column":null}}}},"branchMap":{"0":{"loc":{"start":{"line":47,"column":6},"end":{"line":52,"column":null}},"type":"if","locations":[{"start":{"line":47,"column":6},"end":{"line":52,"column":null}},{"start":{"line":49,"column":13},"end":{"line":52,"column":null}}]}},"s":{"0":3,"1":3,"2":0,"3":0,"4":0,"5":0,"6":0,"7":0,"8":0,"9":0,"10":0,"11":0,"12":0,"13":0,"14":0,"15":0,"16":0,"17":0,"18":0,"19":0,"20":0,"21":3,"22":3},"f":{"0":0,"1":0,"2":0,"3":0,"4":0,"5":0,"6":0,"7":0,"8":0},"b":{"0":[0,0]}}
,"/Users/admincortlex/EDU/React/pavel-sobchenko-REACT2023Q1/src/store/slices/home.slices.ts": {"path":"/Users/admincortlex/EDU/React/pavel-sobchenko-REACT2023Q1/src/store/slices/home.slices.ts","statementMap":{"0":{"start":{"line":10,"column":35},"end":{"line":19,"column":null}},"1":{"start":{"line":21,"column":18},"end":{"line":78,"column":null}},"2":{"start":{"line":26,"column":6},"end":{"line":26,"column":null}},"3":{"start":{"line":27,"column":6},"end":{"line":27,"column":null}},"4":{"start":{"line":30,"column":6},"end":{"line":30,"column":null}},"5":{"start":{"line":33,"column":6},"end":{"line":33,"column":null}},"6":{"start":{"line":36,"column":6},"end":{"line":36,"column":null}},"7":{"start":{"line":39,"column":6},"end":{"line":39,"column":null}},"8":{"start":{"line":40,"column":6},"end":{"line":40,"column":null}},"9":{"start":{"line":44,"column":4},"end":{"line":47,"column":null}},"10":{"start":{"line":45,"column":6},"end":{"line":45,"column":null}},"11":{"start":{"line":46,"column":6},"end":{"line":46,"column":null}},"12":{"start":{"line":48,"column":4},"end":{"line":52,"column":null}},"13":{"start":{"line":49,"column":6},"end":{"line":49,"column":null}},"14":{"start":{"line":50,"column":6},"end":{"line":50,"column":null}},"15":{"start":{"line":51,"column":6},"end":{"line":51,"column":null}},"16":{"start":{"line":53,"column":4},"end":{"line":57,"column":null}},"17":{"start":{"line":54,"column":6},"end":{"line":54,"column":null}},"18":{"start":{"line":55,"column":6},"end":{"line":55,"column":null}},"19":{"start":{"line":56,"column":6},"end":{"line":56,"column":null}},"20":{"start":{"line":58,"column":4},"end":{"line":61,"column":null}},"21":{"start":{"line":59,"column":6},"end":{"line":59,"column":null}},"22":{"start":{"line":60,"column":6},"end":{"line":60,"column":null}},"23":{"start":{"line":62,"column":4},"end":{"line":71,"column":null}},"24":{"start":{"line":63,"column":6},"end":{"line":63,"column":null}},"25":{"start":{"line":64,"column":6},"end":{"line":70,"column":null}},"26":{"start":{"line":65,"column":8},"end":{"line":65,"column":null}},"27":{"start":{"line":66,"column":8},"end":{"line":66,"column":null}},"28":{"start":{"line":68,"column":8},"end":{"line":68,"column":null}},"29":{"start":{"line":69,"column":8},"end":{"line":69,"column":null}},"30":{"start":{"line":72,"column":4},"end":{"line":76,"column":null}},"31":{"start":{"line":73,"column":6},"end":{"line":73,"column":null}},"32":{"start":{"line":74,"column":6},"end":{"line":74,"column":null}},"33":{"start":{"line":75,"column":6},"end":{"line":75,"column":null}},"34":{"start":{"line":86,"column":4},"end":{"line":86,"column":null}},"35":{"start":{"line":90,"column":27},"end":{"line":90,"column":null}}},"fnMap":{"0":{"name":"(anonymous_0)","decl":{"start":{"line":25,"column":4},"end":{"line":25,"column":22}},"loc":{"start":{"line":25,"column":29},"end":{"line":28,"column":null}}},"1":{"name":"(anonymous_1)","decl":{"start":{"line":29,"column":4},"end":{"line":29,"column":19}},"loc":{"start":{"line":29,"column":57},"end":{"line":31,"column":null}}},"2":{"name":"(anonymous_2)","decl":{"start":{"line":32,"column":4},"end":{"line":32,"column":22}},"loc":{"start":{"line":32,"column":60},"end":{"line":34,"column":null}}},"3":{"name":"(anonymous_3)","decl":{"start":{"line":35,"column":4},"end":{"line":35,"column":14}},"loc":{"start":{"line":35,"column":21},"end":{"line":37,"column":null}}},"4":{"name":"(anonymous_4)","decl":{"start":{"line":38,"column":4},"end":{"line":38,"column":15}},"loc":{"start":{"line":38,"column":22},"end":{"line":41,"column":null}}},"5":{"name":"(anonymous_5)","decl":{"start":{"line":43,"column":2},"end":{"line":43,"column":16}},"loc":{"start":{"line":43,"column":25},"end":{"line":77,"column":null}}},"6":{"name":"(anonymous_6)","decl":{"start":{"line":44,"column":50},"end":{"line":44,"column":51}},"loc":{"start":{"line":44,"column":61},"end":{"line":47,"column":5}}},"7":{"name":"(anonymous_7)","decl":{"start":{"line":48,"column":52},"end":{"line":48,"column":53}},"loc":{"start":{"line":48,"column":71},"end":{"line":52,"column":5}}},"8":{"name":"(anonymous_8)","decl":{"start":{"line":53,"column":51},"end":{"line":53,"column":52}},"loc":{"start":{"line":53,"column":70},"end":{"line":57,"column":5}}},"9":{"name":"(anonymous_9)","decl":{"start":{"line":58,"column":50},"end":{"line":58,"column":51}},"loc":{"start":{"line":58,"column":61},"end":{"line":61,"column":5}}},"10":{"name":"(anonymous_10)","decl":{"start":{"line":62,"column":52},"end":{"line":62,"column":53}},"loc":{"start":{"line":62,"column":71},"end":{"line":71,"column":5}}},"11":{"name":"(anonymous_11)","decl":{"start":{"line":72,"column":51},"end":{"line":72,"column":52}},"loc":{"start":{"line":72,"column":70},"end":{"line":76,"column":5}}}},"branchMap":{"0":{"loc":{"start":{"line":64,"column":6},"end":{"line":70,"column":null}},"type":"if","locations":[{"start":{"line":64,"column":6},"end":{"line":70,"column":null}},{"start":{"line":67,"column":13},"end":{"line":70,"column":null}}]}},"s":{"0":3,"1":3,"2":0,"3":0,"4":0,"5":0,"6":0,"7":0,"8":0,"9":3,"10":0,"11":0,"12":3,"13":0,"14":0,"15":0,"16":3,"17":0,"18":0,"19":0,"20":3,"21":0,"22":0,"23":3,"24":0,"25":0,"26":0,"27":0,"28":0,"29":0,"30":3,"31":0,"32":0,"33":0,"34":3,"35":3},"f":{"0":0,"1":0,"2":0,"3":0,"4":0,"5":3,"6":0,"7":0,"8":0,"9":0,"10":0,"11":0},"b":{"0":[0,0]}}
,"/Users/admincortlex/EDU/React/pavel-sobchenko-REACT2023Q1/src/store/thunks/fetchCocktails.ts": {"path":"/Users/admincortlex/EDU/React/pavel-sobchenko-REACT2023Q1/src/store/thunks/fetchCocktails.ts","statementMap":{"0":{"start":{"line":6,"column":18},"end":{"line":11,"column":null}},"1":{"start":{"line":7,"column":2},"end":{"line":10,"column":null}},"2":{"start":{"line":13,"column":29},"end":{"line":21,"column":null}},"3":{"start":{"line":16,"column":21},"end":{"line":18,"column":null}},"4":{"start":{"line":19,"column":4},"end":{"line":19,"column":null}},"5":{"start":{"line":23,"column":29},"end":{"line":33,"column":null}},"6":{"start":{"line":26,"column":26},"end":{"line":29,"column":null}},"7":{"start":{"line":31,"column":4},"end":{"line":31,"column":null}}},"fnMap":{"0":{"name":"(anonymous_0)","decl":{"start":{"line":6,"column":18},"end":{"line":6,"column":24}},"loc":{"start":{"line":6,"column":24},"end":{"line":11,"column":null}}},"1":{"name":"(anonymous_1)","decl":{"start":{"line":15,"column":2},"end":{"line":15,"column":14}},"loc":{"start":{"line":15,"column":14},"end":{"line":20,"column":null}}},"2":{"name":"(anonymous_2)","decl":{"start":{"line":25,"column":2},"end":{"line":25,"column":9}},"loc":{"start":{"line":25,"column":23},"end":{"line":32,"column":null}}}},"branchMap":{},"s":{"0":3,"1":0,"2":3,"3":0,"4":0,"5":3,"6":0,"7":0},"f":{"0":0,"1":0,"2":0},"b":{}}
}
